kotlin version: 2.0.21
error message: org.jetbrains.kotlin.util.FileAnalysisException: While analysing C:/Users/ferry/AndroidStudioProjects/map_umkm/app/src/main/java/com/example/map_umkm/CartFragment.kt:110:17: org.jetbrains.kotlin.utils.exceptions.KotlinIllegalArgumentExceptionWithAttachments: Exception was thrown during transformation of class org.jetbrains.kotlin.fir.expressions.impl.FirVariableAssignmentImpl
	at org.jetbrains.kotlin.util.AnalysisExceptionsKt.wrapIntoFileAnalysisExceptionIfNeeded(AnalysisExceptions.kt:57)
	at org.jetbrains.kotlin.fir.FirCliExceptionHandler.handleExceptionOnFileAnalysis(Utils.kt:249)
	at org.jetbrains.kotlin.fir.backend.Fir2IrConverter.runSourcesConversion(Fir2IrConverter.kt:674)
	at org.jetbrains.kotlin.fir.backend.Fir2IrConverter.access$runSourcesConversion(Fir2IrConverter.kt:63)
	at org.jetbrains.kotlin.fir.backend.Fir2IrConverter$Companion.generateIrModuleFragment(Fir2IrConverter.kt:664)
	at org.jetbrains.kotlin.fir.pipeline.Fir2IrPipeline.runFir2IrConversion(convertToIr.kt:163)
	at org.jetbrains.kotlin.fir.pipeline.Fir2IrPipeline.convertToIrAndActualize(convertToIr.kt:129)
	at org.jetbrains.kotlin.fir.pipeline.ConvertToIrKt.convertToIrAndActualize(convertToIr.kt:99)
	at org.jetbrains.kotlin.fir.pipeline.ConvertToIrKt.convertToIrAndActualize$default(convertToIr.kt:72)
	at org.jetbrains.kotlin.cli.jvm.compiler.pipeline.JvmCompilerPipelineKt.convertToIrAndActualizeForJvm(jvmCompilerPipeline.kt:196)
	at org.jetbrains.kotlin.cli.jvm.compiler.pipeline.JvmCompilerPipelineKt.convertAnalyzedFirToIr(jvmCompilerPipeline.kt:169)
	at org.jetbrains.kotlin.cli.jvm.compiler.pipeline.JvmCompilerPipelineKt.compileModulesUsingFrontendIrAndLightTree(jvmCompilerPipeline.kt:140)
	at org.jetbrains.kotlin.cli.jvm.K2JVMCompiler.doExecute(K2JVMCompiler.kt:148)
	at org.jetbrains.kotlin.cli.jvm.K2JVMCompiler.doExecute(K2JVMCompiler.kt:43)
	at org.jetbrains.kotlin.cli.common.CLICompiler.execImpl(CLICompiler.kt:103)
	at org.jetbrains.kotlin.cli.common.CLICompiler.execImpl(CLICompiler.kt:49)
	at org.jetbrains.kotlin.cli.common.CLITool.exec(CLITool.kt:101)
	at org.jetbrains.kotlin.incremental.IncrementalJvmCompilerRunner.runCompiler(IncrementalJvmCompilerRunner.kt:464)
	at org.jetbrains.kotlin.incremental.IncrementalJvmCompilerRunner.runCompiler(IncrementalJvmCompilerRunner.kt:73)
	at org.jetbrains.kotlin.incremental.IncrementalCompilerRunner.doCompile(IncrementalCompilerRunner.kt:506)
	at org.jetbrains.kotlin.incremental.IncrementalCompilerRunner.compileImpl(IncrementalCompilerRunner.kt:423)
	at org.jetbrains.kotlin.incremental.IncrementalCompilerRunner.compileNonIncrementally(IncrementalCompilerRunner.kt:301)
	at org.jetbrains.kotlin.incremental.IncrementalCompilerRunner.compile(IncrementalCompilerRunner.kt:129)
	at org.jetbrains.kotlin.daemon.CompileServiceImplBase.execIncrementalCompiler(CompileServiceImpl.kt:675)
	at org.jetbrains.kotlin.daemon.CompileServiceImplBase.access$execIncrementalCompiler(CompileServiceImpl.kt:92)
	at org.jetbrains.kotlin.daemon.CompileServiceImpl.compile(CompileServiceImpl.kt:1660)
	at java.base/jdk.internal.reflect.DirectMethodHandleAccessor.invoke(Unknown Source)
	at java.base/java.lang.reflect.Method.invoke(Unknown Source)
	at java.rmi/sun.rmi.server.UnicastServerRef.dispatch(Unknown Source)
	at java.rmi/sun.rmi.transport.Transport$1.run(Unknown Source)
	at java.rmi/sun.rmi.transport.Transport$1.run(Unknown Source)
	at java.base/java.security.AccessController.doPrivileged(Unknown Source)
	at java.rmi/sun.rmi.transport.Transport.serviceCall(Unknown Source)
	at java.rmi/sun.rmi.transport.tcp.TCPTransport.handleMessages(Unknown Source)
	at java.rmi/sun.rmi.transport.tcp.TCPTransport$ConnectionHandler.run0(Unknown Source)
	at java.rmi/sun.rmi.transport.tcp.TCPTransport$ConnectionHandler.lambda$run$0(Unknown Source)
	at java.base/java.security.AccessController.doPrivileged(Unknown Source)
	at java.rmi/sun.rmi.transport.tcp.TCPTransport$ConnectionHandler.run(Unknown Source)
	at java.base/java.util.concurrent.ThreadPoolExecutor.runWorker(Unknown Source)
	at java.base/java.util.concurrent.ThreadPoolExecutor$Worker.run(Unknown Source)
	at java.base/java.lang.Thread.run(Unknown Source)
Caused by: org.jetbrains.kotlin.utils.exceptions.KotlinIllegalArgumentExceptionWithAttachments: Exception was thrown during transformation of class org.jetbrains.kotlin.fir.expressions.impl.FirVariableAssignmentImpl
	at org.jetbrains.kotlin.fir.backend.generators.CallAndReferenceGenerator.convertToIrSetCall(CallAndReferenceGenerator.kt:1601)
	at org.jetbrains.kotlin.fir.backend.Fir2IrVisitor.visitVariableAssignment(Fir2IrVisitor.kt:860)
	at org.jetbrains.kotlin.fir.backend.Fir2IrVisitor.visitVariableAssignment(Fir2IrVisitor.kt:62)
	at org.jetbrains.kotlin.fir.expressions.FirVariableAssignment.accept(FirVariableAssignment.kt:27)
	at org.jetbrains.kotlin.fir.backend.Fir2IrVisitor.toIrStatement(Fir2IrVisitor.kt:884)
	at org.jetbrains.kotlin.fir.backend.Fir2IrVisitor.mapToIrStatements(Fir2IrVisitor.kt:981)
	at org.jetbrains.kotlin.fir.backend.Fir2IrVisitor.mapToIrStatements$default(Fir2IrVisitor.kt:960)
	at org.jetbrains.kotlin.fir.backend.Fir2IrVisitor.convertToIrBlock(Fir2IrVisitor.kt:1146)
	at org.jetbrains.kotlin.fir.backend.Fir2IrVisitor.convertToIrExpressionOrBlock(Fir2IrVisitor.kt:1106)
	at org.jetbrains.kotlin.fir.backend.Fir2IrVisitor.convertToIrExpression$fir2ir(Fir2IrVisitor.kt:905)
	at org.jetbrains.kotlin.fir.backend.Fir2IrVisitor.convertToIrExpression$fir2ir$default(Fir2IrVisitor.kt:887)
	at org.jetbrains.kotlin.fir.backend.Fir2IrVisitor.toIrWhenBranch(Fir2IrVisitor.kt:1350)
	at org.jetbrains.kotlin.fir.backend.Fir2IrVisitor.convertWhenBranchesTo(Fir2IrVisitor.kt:1302)
	at org.jetbrains.kotlin.fir.backend.Fir2IrVisitor.visitWhenExpression(Fir2IrVisitor.kt:1245)
	at org.jetbrains.kotlin.fir.backend.Fir2IrVisitor.visitWhenExpression(Fir2IrVisitor.kt:62)
	at org.jetbrains.kotlin.fir.expressions.FirWhenExpression.accept(FirWhenExpression.kt:35)
	at org.jetbrains.kotlin.fir.backend.Fir2IrVisitor.toIrStatement(Fir2IrVisitor.kt:884)
	at org.jetbrains.kotlin.fir.backend.Fir2IrVisitor.mapToIrStatements(Fir2IrVisitor.kt:981)
	at org.jetbrains.kotlin.fir.backend.Fir2IrVisitor.mapToIrStatements$default(Fir2IrVisitor.kt:960)
	at org.jetbrains.kotlin.fir.backend.Fir2IrVisitor.convertToIrBlock(Fir2IrVisitor.kt:1146)
	at org.jetbrains.kotlin.fir.backend.Fir2IrVisitor.convertToIrExpressionOrBlock(Fir2IrVisitor.kt:1106)
	at org.jetbrains.kotlin.fir.backend.Fir2IrVisitor.convertToIrExpression$fir2ir(Fir2IrVisitor.kt:905)
	at org.jetbrains.kotlin.fir.backend.Fir2IrVisitor.convertToIrExpression$fir2ir$default(Fir2IrVisitor.kt:887)
	at org.jetbrains.kotlin.fir.backend.Fir2IrVisitor.toIrWhenBranch(Fir2IrVisitor.kt:1350)
	at org.jetbrains.kotlin.fir.backend.Fir2IrVisitor.convertWhenBranchesTo(Fir2IrVisitor.kt:1302)
	at org.jetbrains.kotlin.fir.backend.Fir2IrVisitor.visitWhenExpression(Fir2IrVisitor.kt:1245)
	at org.jetbrains.kotlin.fir.backend.Fir2IrVisitor.visitWhenExpression(Fir2IrVisitor.kt:62)
	at org.jetbrains.kotlin.fir.expressions.FirWhenExpression.accept(FirWhenExpression.kt:35)
	at org.jetbrains.kotlin.fir.backend.Fir2IrVisitor.toIrStatement(Fir2IrVisitor.kt:884)
	at org.jetbrains.kotlin.fir.backend.Fir2IrVisitor.mapToIrStatements(Fir2IrVisitor.kt:981)
	at org.jetbrains.kotlin.fir.backend.Fir2IrVisitor.mapToIrStatements$default(Fir2IrVisitor.kt:960)
	at org.jetbrains.kotlin.fir.backend.Fir2IrVisitor.convertToIrBlockBody$fir2ir(Fir2IrVisitor.kt:999)
	at org.jetbrains.kotlin.fir.backend.generators.ClassMemberGenerator.convertFunctionContent(ClassMemberGenerator.kt:196)
	at org.jetbrains.kotlin.fir.backend.Fir2IrVisitor.visitSimpleFunction(Fir2IrVisitor.kt:409)
	at org.jetbrains.kotlin.fir.backend.Fir2IrVisitor.visitSimpleFunction(Fir2IrVisitor.kt:62)
	at org.jetbrains.kotlin.fir.declarations.FirSimpleFunction.accept(FirSimpleFunction.kt:51)
	at org.jetbrains.kotlin.fir.backend.generators.ClassMemberGenerator.convertClassContent(ClassMemberGenerator.kt:93)
	at org.jetbrains.kotlin.fir.backend.Fir2IrVisitor.visitRegularClass(Fir2IrVisitor.kt:206)
	at org.jetbrains.kotlin.fir.backend.Fir2IrVisitor.visitRegularClass(Fir2IrVisitor.kt:62)
	at org.jetbrains.kotlin.fir.declarations.FirRegularClass.accept(FirRegularClass.kt:48)
	at org.jetbrains.kotlin.fir.backend.Fir2IrVisitor.toIrDeclaration(Fir2IrVisitor.kt:115)
	at org.jetbrains.kotlin.fir.backend.Fir2IrVisitor.visitFile(Fir2IrVisitor.kt:106)
	at org.jetbrains.kotlin.fir.backend.Fir2IrVisitor.visitFile(Fir2IrVisitor.kt:62)
	at org.jetbrains.kotlin.fir.declarations.FirFile.accept(FirFile.kt:42)
	at org.jetbrains.kotlin.fir.backend.Fir2IrConverter.runSourcesConversion(Fir2IrConverter.kt:99)
	... 38 more
Caused by: org.jetbrains.kotlin.util.SourceCodeAnalysisException: org.jetbrains.kotlin.utils.exceptions.KotlinIllegalArgumentExceptionWithAttachments: Exception was thrown during transformation of class org.jetbrains.kotlin.fir.expressions.impl.FirFunctionCallImpl
	at org.jetbrains.kotlin.util.AnalysisExceptionsKt.wrapIntoSourceCodeAnalysisExceptionIfNeeded(AnalysisExceptions.kt:28)
	at org.jetbrains.kotlin.fir.FirCliExceptionHandler.handleExceptionOnElementAnalysis(Utils.kt:245)
	at org.jetbrains.kotlin.fir.backend.Fir2IrVisitor.visitFunctionCall(Fir2IrVisitor.kt:2060)
	at org.jetbrains.kotlin.fir.backend.Fir2IrVisitor.visitFunctionCall(Fir2IrVisitor.kt:62)
	at org.jetbrains.kotlin.fir.expressions.FirFunctionCall.accept(FirFunctionCall.kt:41)
	at org.jetbrains.kotlin.fir.backend.Fir2IrVisitor.convertToIrExpression$fir2ir(Fir2IrVisitor.kt:916)
	at org.jetbrains.kotlin.fir.backend.Fir2IrVisitor.convertToIrExpression$fir2ir$default(Fir2IrVisitor.kt:887)
	at org.jetbrains.kotlin.fir.backend.generators.CallAndReferenceGenerator.convertToIrSetCall(CallAndReferenceGenerator.kt:741)
	... 82 more
Caused by: org.jetbrains.kotlin.utils.exceptions.KotlinIllegalArgumentExceptionWithAttachments: Exception was thrown during transformation of class org.jetbrains.kotlin.fir.expressions.impl.FirFunctionCallImpl
	at org.jetbrains.kotlin.fir.backend.generators.CallAndReferenceGenerator.convertToIrCall(CallAndReferenceGenerator.kt:1536)
	at org.jetbrains.kotlin.fir.backend.generators.CallAndReferenceGenerator.convertToIrCall$default(CallAndReferenceGenerator.kt:501)
	at org.jetbrains.kotlin.fir.backend.Fir2IrVisitor.convertToIrCall(Fir2IrVisitor.kt:575)
	at org.jetbrains.kotlin.fir.backend.Fir2IrVisitor.convertToIrCall(Fir2IrVisitor.kt:564)
	at org.jetbrains.kotlin.fir.backend.Fir2IrVisitor.visitFunctionCall(Fir2IrVisitor.kt:604)
	... 87 more
Caused by: org.jetbrains.kotlin.util.SourceCodeAnalysisException: org.jetbrains.kotlin.utils.exceptions.KotlinIllegalArgumentExceptionWithAttachments: Exception was thrown during transformation of class org.jetbrains.kotlin.fir.expressions.impl.FirFunctionCallImpl
	at org.jetbrains.kotlin.util.AnalysisExceptionsKt.wrapIntoSourceCodeAnalysisExceptionIfNeeded(AnalysisExceptions.kt:28)
	at org.jetbrains.kotlin.fir.FirCliExceptionHandler.handleExceptionOnElementAnalysis(Utils.kt:245)
	at org.jetbrains.kotlin.fir.backend.Fir2IrVisitor.visitFunctionCall(Fir2IrVisitor.kt:2060)
	at org.jetbrains.kotlin.fir.backend.Fir2IrVisitor.visitFunctionCall(Fir2IrVisitor.kt:62)
	at org.jetbrains.kotlin.fir.expressions.FirFunctionCall.accept(FirFunctionCall.kt:41)
	at org.jetbrains.kotlin.fir.backend.Fir2IrVisitor.convertToIrExpression$fir2ir(Fir2IrVisitor.kt:916)
	at org.jetbrains.kotlin.fir.backend.Fir2IrVisitor.convertToIrExpression$fir2ir$default(Fir2IrVisitor.kt:887)
	at org.jetbrains.kotlin.fir.backend.Fir2IrVisitor.visitReturnExpression(Fir2IrVisitor.kt:520)
	at org.jetbrains.kotlin.fir.backend.Fir2IrVisitor.visitReturnExpression(Fir2IrVisitor.kt:62)
	at org.jetbrains.kotlin.fir.expressions.FirReturnExpression.accept(FirReturnExpression.kt:31)
	at org.jetbrains.kotlin.fir.backend.Fir2IrVisitor.toIrStatement(Fir2IrVisitor.kt:884)
	at org.jetbrains.kotlin.fir.backend.Fir2IrVisitor.mapToIrStatements(Fir2IrVisitor.kt:981)
	at org.jetbrains.kotlin.fir.backend.Fir2IrVisitor.mapToIrStatements$default(Fir2IrVisitor.kt:960)
	at org.jetbrains.kotlin.fir.backend.Fir2IrVisitor.convertToIrBlockBody$fir2ir(Fir2IrVisitor.kt:999)
	at org.jetbrains.kotlin.fir.backend.generators.ClassMemberGenerator.convertFunctionContent(ClassMemberGenerator.kt:196)
	at org.jetbrains.kotlin.fir.backend.Fir2IrVisitor.visitAnonymousFunction(Fir2IrVisitor.kt:431)
	at org.jetbrains.kotlin.fir.backend.Fir2IrVisitor.visitAnonymousFunctionExpression(Fir2IrVisitor.kt:416)
	at org.jetbrains.kotlin.fir.backend.Fir2IrVisitor.visitAnonymousFunctionExpression(Fir2IrVisitor.kt:62)
	at org.jetbrains.kotlin.fir.expressions.FirAnonymousFunctionExpression.accept(FirAnonymousFunctionExpression.kt:30)
	at org.jetbrains.kotlin.fir.backend.Fir2IrVisitor.convertToIrExpression$fir2ir(Fir2IrVisitor.kt:916)
	at org.jetbrains.kotlin.fir.backend.Fir2IrVisitor.convertToIrExpression$fir2ir$default(Fir2IrVisitor.kt:887)
	at org.jetbrains.kotlin.fir.backend.generators.CallAndReferenceGenerator.convertArgument(CallAndReferenceGenerator.kt:1183)
	at org.jetbrains.kotlin.fir.backend.generators.CallAndReferenceGenerator.applyArgumentsWithReorderingIfNeeded(CallAndReferenceGenerator.kt:1104)
	at org.jetbrains.kotlin.fir.backend.generators.CallAndReferenceGenerator.applyCallArguments$fir2ir(CallAndReferenceGenerator.kt:1031)
	at org.jetbrains.kotlin.fir.backend.generators.CallAndReferenceGenerator.convertToIrCall(CallAndReferenceGenerator.kt:667)
	... 91 more
Caused by: org.jetbrains.kotlin.utils.exceptions.KotlinIllegalArgumentExceptionWithAttachments: Exception was thrown during transformation of class org.jetbrains.kotlin.fir.expressions.impl.FirFunctionCallImpl
	at org.jetbrains.kotlin.fir.backend.generators.CallAndReferenceGenerator.convertToIrCall(CallAndReferenceGenerator.kt:1536)
	at org.jetbrains.kotlin.fir.backend.generators.CallAndReferenceGenerator.convertToIrCall$default(CallAndReferenceGenerator.kt:501)
	at org.jetbrains.kotlin.fir.backend.Fir2IrVisitor.convertToIrCall(Fir2IrVisitor.kt:575)
	at org.jetbrains.kotlin.fir.backend.Fir2IrVisitor.convertToIrCall(Fir2IrVisitor.kt:564)
	at org.jetbrains.kotlin.fir.backend.Fir2IrVisitor.visitFunctionCall(Fir2IrVisitor.kt:604)
	... 113 more
Caused by: kotlin.NotImplementedError: An operation is not implemented: Should not be here: class org.jetbrains.kotlin.fir.expressions.impl.FirErrorExpressionImpl: ERROR_EXPR(Argument is absent)
	at org.jetbrains.kotlin.fir.backend.Fir2IrImplicitCastInserter.visitElement(Fir2IrImplicitCastInserter.kt:36)
	at org.jetbrains.kotlin.fir.backend.Fir2IrImplicitCastInserter.visitElement(Fir2IrImplicitCastInserter.kt:34)
	at org.jetbrains.kotlin.fir.visitors.FirVisitor.visitErrorExpression(FirVisitor.kt:63)
	at org.jetbrains.kotlin.fir.expressions.FirErrorExpression.accept(FirErrorExpression.kt:32)
	at org.jetbrains.kotlin.fir.backend.Fir2IrVisitor.convertToIrExpression$fir2ir(Fir2IrVisitor.kt:920)
	at org.jetbrains.kotlin.fir.backend.Fir2IrVisitor.convertToIrExpression$fir2ir$default(Fir2IrVisitor.kt:887)
	at org.jetbrains.kotlin.fir.backend.generators.CallAndReferenceGenerator.convertArgument(CallAndReferenceGenerator.kt:1183)
	at org.jetbrains.kotlin.fir.backend.generators.CallAndReferenceGenerator.applyArgumentsWithReorderingIfNeeded(CallAndReferenceGenerator.kt:1104)
	at org.jetbrains.kotlin.fir.backend.generators.CallAndReferenceGenerator.applyCallArguments$fir2ir(CallAndReferenceGenerator.kt:1031)
	at org.jetbrains.kotlin.fir.backend.generators.CallAndReferenceGenerator.convertToIrCall(CallAndReferenceGenerator.kt:667)
	... 117 more


